<?xml version="1.0" encoding="UTF-8"?>
<testng-results ignored="0" total="1" passed="1" failed="0" skipped="0">
  <reporter-output>
  </reporter-output>
  <suite started-at="2022-01-20T21:43:54 EST" name="Suite" finished-at="2022-01-20T21:43:58 EST" duration-ms="3581">
    <groups>
    </groups>
    <test started-at="2022-01-20T21:43:54 EST" name="Test" finished-at="2022-01-20T21:43:58 EST" duration-ms="3581">
      <class name="tests.GoogleTest">
        <test-method is-config="true" signature="setUp()[pri:0, instance:tests.GoogleTest@2f7a7219]" started-at="2022-01-20T21:43:54 EST" name="setUp" finished-at="2022-01-20T21:43:58 EST" duration-ms="3511" status="PASS">
          <reporter-output>
          </reporter-output>
        </test-method> <!-- setUp -->
        <test-method signature="openGoogle()[pri:0, instance:tests.GoogleTest@2f7a7219]" started-at="2022-01-20T21:43:58 EST" name="openGoogle" finished-at="2022-01-20T21:43:58 EST" duration-ms="30" status="PASS">
          <reporter-output>
          </reporter-output>
        </test-method> <!-- openGoogle -->
      </class> <!-- tests.GoogleTest -->
    </test> <!-- Test -->
  </suite> <!-- Suite -->
</testng-results>
