<?xml version="1.0" encoding="UTF-8"?>
<testng-results ignored="0" total="1" passed="1" failed="0" skipped="0">
  <reporter-output>
  </reporter-output>
  <suite started-at="2022-01-20T11:24:29 EST" name="Default suite" finished-at="2022-01-20T11:24:32 EST" duration-ms="3068">
    <groups>
    </groups>
    <test started-at="2022-01-20T11:24:29 EST" name="Default test" finished-at="2022-01-20T11:24:32 EST" duration-ms="3068">
      <class name="tests.GoogleTest">
        <test-method is-config="true" signature="setUp()[pri:0, instance:tests.GoogleTest@7c098bb3]" started-at="2022-01-20T11:24:29 EST" name="setUp" finished-at="2022-01-20T11:24:32 EST" duration-ms="2979" status="PASS">
          <reporter-output>
          </reporter-output>
        </test-method> <!-- setUp -->
        <test-method signature="openGoogle()[pri:0, instance:tests.GoogleTest@7c098bb3]" started-at="2022-01-20T11:24:32 EST" name="openGoogle" finished-at="2022-01-20T11:24:32 EST" duration-ms="33" status="PASS">
          <reporter-output>
          </reporter-output>
        </test-method> <!-- openGoogle -->
      </class> <!-- tests.GoogleTest -->
    </test> <!-- Default test -->
  </suite> <!-- Default suite -->
</testng-results>
